<?xml version="1.0" encoding="UTF-8"?>
<testng-results skipped="0" failed="0" ignored="0" total="1" passed="1">
  <reporter-output>
  </reporter-output>
  <suite name="Default suite" duration-ms="150131" started-at="2019-05-30T15:29:43Z" finished-at="2019-05-30T15:32:13Z">
    <groups>
    </groups>
    <test name="Default test" duration-ms="150131" started-at="2019-05-30T15:29:43Z" finished-at="2019-05-30T15:32:13Z">
      <class name="kdf.Application">
        <test-method status="PASS" signature="applicationLoginTest()[pri:0, instance:kdf.Application@cc285f4]" name="applicationLoginTest" duration-ms="149960" started-at="2019-05-30T15:29:43Z" finished-at="2019-05-30T15:32:13Z">
          <reporter-output>
          </reporter-output>
        </test-method> <!-- applicationLoginTest -->
      </class> <!-- kdf.Application -->
    </test> <!-- Default test -->
  </suite> <!-- Default suite -->
</testng-results>
